INFO:root:Starting detection...
INFO:root:Detection completed.
INFO:root:Updating table status...
INFO:root:Updating client data...
INFO:root:Error: 'YOLOv8Detector' object has no attribute 'current_frame'
INFO:root:Generating report...
INFO:root:Generating report...
INFO:root:Loading configuration...
INFO:root:Setting up command line arguments...
INFO:root:Initializing YOLOv8 Detector...
INFO:root:Initializing trackers...
INFO:root:Initializing Data Manager...
INFO:root:Initializing GUI...
INFO:root:Starting detection loop...
INFO:root:Generating report...
INFO:root:Generating report...
INFO:root:Report generated successfully.
INFO:root:Loading configuration...
INFO:root:Setting up command line arguments...
INFO:root:Initializing YOLOv8 Detector...
INFO:root:Initializing trackers...
INFO:root:Initializing Data Manager...
INFO:root:Initializing GUI...
INFO:root:Starting detection loop...
INFO:root:Error: Cannot open video source.
INFO:root:Generating report...
INFO:root:Generating report...
INFO:root:Report generated successfully.
INFO:root:Loading configuration...
INFO:root:Setting up command line arguments...
INFO:root:Initializing YOLOv8 Detector...
INFO:root:Initializing trackers...
INFO:root:Initializing Data Manager...
INFO:root:Initializing GUI...
INFO:root:Starting detection loop...
INFO:root:Error: Cannot open video source.
INFO:root:Generating report...
INFO:root:Generating report...
INFO:root:Report generated successfully.
INFO:root:Loading configuration...
INFO:root:Setting up command line arguments...
INFO:root:Initializing YOLOv8 Detector...
INFO:root:Initializing trackers...
INFO:root:Initializing Data Manager...
INFO:root:Initializing GUI...
INFO:root:Starting detection loop...
INFO:root:Error: Cannot open video source.
INFO:root:Generating report...
INFO:root:Generating report...
INFO:root:Report generated successfully.
INFO:root:Loading configuration...
INFO:root:Setting up command line arguments...
INFO:root:Initializing YOLOv8 Detector...
INFO:root:Initializing trackers...
INFO:root:Initializing Data Manager...
INFO:root:Initializing GUI...
INFO:root:Starting detection loop...
INFO:root:Error: Cannot open video source.
INFO:root:Generating report...
INFO:root:Generating report...
INFO:root:Report generated successfully.
INFO:root:Loading configuration...
INFO:root:Setting up command line arguments...
INFO:root:Initializing YOLOv8 Detector...
INFO:root:Initializing trackers...
INFO:root:Initializing Data Manager...
INFO:root:Initializing GUI...
INFO:root:Starting detection loop...
INFO:root:Error: Cannot open video source.
INFO:root:Generating report...
INFO:root:Generating report...
INFO:root:Report generated successfully.
INFO:root:Loading configuration...
INFO:root:Setting up command line arguments...
INFO:root:Initializing YOLOv8 Detector...
INFO:root:Initializing trackers...
INFO:root:Initializing Data Manager...
INFO:root:Initializing GUI...
INFO:root:Starting detection loop...
INFO:root:Error: Cannot open video source.
INFO:root:Generating report...
INFO:root:Generating report...
INFO:root:Report generated successfully.
INFO:root:Loading configuration...
INFO:root:Setting up command line arguments...
INFO:root:Initializing YOLOv8 Detector...
INFO:root:Initializing trackers...
INFO:root:Initializing Data Manager...
INFO:root:Initializing GUI...
INFO:root:Starting detection loop...
INFO:root:Error: Cannot open video source.
INFO:root:Generating report...
INFO:root:Generating report...
INFO:root:Report generated successfully.
INFO:root:Loading configuration...
INFO:root:Setting up command line arguments...
INFO:root:Initializing YOLOv8 Detector...
INFO:root:Initializing trackers...
INFO:root:Initializing Data Manager...
INFO:root:Initializing GUI...
INFO:root:Starting detection loop...
INFO:root:Error: Cannot open video source.
INFO:root:Generating report...
INFO:root:Generating report...
INFO:root:Report generated successfully.
INFO:root:Updating table status...
INFO:root:Error: Cannot open video source.
INFO:root:Updating client data...
INFO:root:Saving data to Excel...
INFO:root:Error: No module named 'openpyxl'
INFO:root:Updating table status...
INFO:root:Error: Cannot open video source.
INFO:root:Updating client data...
INFO:root:Saving data to Excel...
INFO:root:Updating table status...
INFO:root:Error: Cannot open video source.
INFO:root:Updating client data...
INFO:root:Saving data to Excel...
INFO:root:Updating table status...
INFO:root:Error: Cannot open video source.
INFO:root:Updating client data...
INFO:root:Saving data to Excel...
INFO:root:Updating table status...
INFO:root:Error: Cannot open video source.
INFO:root:Updating client data...
INFO:root:Saving data to Excel...
INFO:root:Updating table status...
INFO:root:Error: Cannot open video source.
INFO:root:Updating client data...
INFO:root:Saving data to Excel...
INFO:root:Updating table status...
INFO:root:Error: Cannot open video source.
INFO:root:Updating client data...
INFO:root:Saving data to Excel...
INFO:root:Updating table status...
INFO:root:Error: Cannot open video source.
INFO:root:Updating client data...
INFO:root:Saving data to Excel...
INFO:root:Updating table status...
INFO:root:Error: Cannot open video source.
INFO:root:Updating client data...
INFO:root:Saving data to Excel...
INFO:root:Updating table status...
INFO:root:Error: Cannot open video source.
INFO:root:Updating client data...
INFO:root:Saving data to Excel...
INFO:root:Updating table status...
INFO:root:Error: Cannot open video source.
INFO:root:Updating client data...
INFO:root:Saving data to Excel...
INFO:root:Updating table status...
INFO:root:Error: Cannot open video source.
INFO:root:Updating client data...
INFO:root:Saving data to Excel...
INFO:root:Updating table status...
INFO:root:Error: Cannot open video source.
INFO:root:Updating client data...
INFO:root:Saving data to Excel...
INFO:root:Updating table status...
INFO:root:Error: Cannot open video source.
INFO:root:Updating client data...
INFO:root:Saving data to Excel...
INFO:root:Updating table status...
INFO:root:Error: Cannot open video source.
INFO:root:Updating client data...
INFO:root:Saving data to Excel...
INFO:root:Updating table status...
INFO:root:Error: Cannot open video source.
INFO:root:Updating client data...
INFO:root:Saving data to Excel...
INFO:root:Updating table status...
INFO:root:Error: Cannot open video source.
INFO:root:Updating client data...
INFO:root:Saving data to Excel...
INFO:root:Updating table status...
INFO:root:Error: Cannot open video source.
INFO:root:Updating client data...
INFO:root:Saving data to Excel...
INFO:root:Updating table status...
INFO:root:Error: Cannot open video source.
INFO:root:Updating client data...
INFO:root:Saving data to Excel...
INFO:root:Updating table status...
INFO:root:Error: Cannot open video source.
INFO:root:Updating client data...
INFO:root:Saving data to Excel...
INFO:root:Updating table status...
INFO:root:Error: Cannot open video source.
INFO:root:Updating client data...
INFO:root:Saving data to Excel...
INFO:root:Updating table status...
INFO:root:Error: Cannot open video source.
INFO:root:Updating client data...
INFO:root:Saving data to Excel...
INFO:root:Updating table status...
INFO:root:Error: Cannot open video source.
INFO:root:Updating client data...
INFO:root:Saving data to Excel...
INFO:root:Updating table status...
INFO:root:Error: Cannot open video source.
INFO:root:Updating client data...
INFO:root:Saving data to Excel...
INFO:root:Updating table status...
INFO:root:Error: Cannot open video source.
INFO:root:Updating client data...
INFO:root:Saving data to Excel...
INFO:root:Updating table status...
INFO:root:Error: Cannot open video source.
INFO:root:Updating client data...
INFO:root:Saving data to Excel...
INFO:root:Updating table status...
INFO:root:Error: Cannot open video source.
INFO:root:Updating client data...
INFO:root:Saving data to Excel...
INFO:root:Updating table status...
INFO:root:Error: Cannot open video source.
INFO:root:Updating client data...
INFO:root:Saving data to Excel...
INFO:root:Updating table status...
INFO:root:Error: Cannot open video source.
INFO:root:Updating client data...
INFO:root:Saving data to Excel...
INFO:root:Updating table status...
INFO:root:Error: Cannot open video source.
INFO:root:Updating client data...
INFO:root:Saving data to Excel...
INFO:root:Updating table status...
INFO:root:Error: Cannot open video source.
INFO:root:Updating client data...
INFO:root:Saving data to Excel...
INFO:root:Updating table status...
INFO:root:Error: Cannot open video source.
INFO:root:Updating client data...
INFO:root:Saving data to Excel...
INFO:root:Updating table status...
INFO:root:Error: Cannot open video source.
INFO:root:Updating client data...
INFO:root:Saving data to Excel...
INFO:root:Updating table status...
INFO:root:Error: Cannot open video source.
INFO:root:Updating client data...
INFO:root:Saving data to Excel...
INFO:root:Updating table status...
INFO:root:Error: Cannot open video source.
INFO:root:Updating client data...
INFO:root:Saving data to Excel...
INFO:root:Updating table status...
INFO:root:Error: Cannot open video source.
INFO:root:Updating client data...
INFO:root:Saving data to Excel...
INFO:root:Updating table status...
INFO:root:Error: Cannot open video source.
INFO:root:Updating client data...
INFO:root:Saving data to Excel...
INFO:root:Updating table status...
INFO:root:Error: Cannot open video source.
INFO:root:Updating client data...
INFO:root:Saving data to Excel...
INFO:root:Updating table status...
INFO:root:Error: Cannot open video source.
INFO:root:Updating client data...
INFO:root:Saving data to Excel...
INFO:root:Updating table status...
INFO:root:Error: Cannot open video source.
INFO:root:Updating client data...
INFO:root:Saving data to Excel...
INFO:root:Updating table status...
INFO:root:Error: Cannot open video source.
INFO:root:Updating client data...
INFO:root:Saving data to Excel...
INFO:root:Updating table status...
INFO:root:Error: Cannot open video source.
INFO:root:Updating client data...
INFO:root:Saving data to Excel...
INFO:root:Updating table status...
INFO:root:Error: Cannot open video source.
INFO:root:Updating client data...
INFO:root:Saving data to Excel...
INFO:root:Updating table status...
INFO:root:Error: Cannot open video source.
INFO:root:Updating client data...
INFO:root:Saving data to Excel...
INFO:root:Updating table status...
INFO:root:Error: Cannot open video source.
INFO:root:Updating client data...
INFO:root:Saving data to Excel...
INFO:root:Updating table status...
INFO:root:Error: Cannot open video source.
INFO:root:Updating client data...
INFO:root:Saving data to Excel...
INFO:root:Updating table status...
INFO:root:Error: Cannot open video source.
INFO:root:Updating client data...
INFO:root:Saving data to Excel...
INFO:root:Updating table status...
INFO:root:Error: Cannot open video source.
INFO:root:Updating client data...
INFO:root:Saving data to Excel...
INFO:root:Updating table status...
INFO:root:Error: Cannot open video source.
INFO:root:Updating client data...
INFO:root:Saving data to Excel...
INFO:root:Updating table status...
INFO:root:Error: Cannot open video source.
INFO:root:Updating client data...
INFO:root:Saving data to Excel...
INFO:root:Updating table status...
INFO:root:Error: Cannot open video source.
INFO:root:Updating client data...
INFO:root:Saving data to Excel...
INFO:root:Updating table status...
INFO:root:Error: Cannot open video source.
INFO:root:Updating client data...
INFO:root:Saving data to Excel...
INFO:root:Updating table status...
INFO:root:Error: Cannot open video source.
INFO:root:Updating client data...
INFO:root:Saving data to Excel...
INFO:root:Updating table status...
INFO:root:Error: Cannot open video source.
INFO:root:Updating client data...
INFO:root:Saving data to Excel...
INFO:root:Updating table status...
INFO:root:Error: Cannot open video source.
INFO:root:Updating client data...
INFO:root:Saving data to Excel...
INFO:root:Updating table status...
INFO:root:Error: Cannot open video source.
INFO:root:Updating client data...
INFO:root:Saving data to Excel...
INFO:root:Updating table status...
INFO:root:Error: 'YOLOv8Detector' object has no attribute 'detect_frame'
INFO:root:Error: [ONNXRuntimeError] : 1 : FAIL : Load model from models\yolov8n.onnx failed:D:\a\_work\1\s\onnxruntime\core\graph\model.cc:165 onnxruntime::Model::Model ModelProto does not have a graph.

INFO:root:Error: [ONNXRuntimeError] : 1 : FAIL : Load model from models\yolov8n.onnx failed:D:\a\_work\1\s\onnxruntime\core\graph\model.cc:165 onnxruntime::Model::Model ModelProto does not have a graph.

INFO:root:Updating table status...
INFO:root:Updating client data...
INFO:root:Saving data to Excel...
INFO:root:Updating table status...
INFO:root:Updating client data...
INFO:root:Saving data to Excel...
INFO:root:Updating table status...
INFO:root:Updating client data...
INFO:root:Saving data to Excel...
INFO:root:Updating table status...
INFO:root:Updating client data...
INFO:root:Saving data to Excel...
INFO:root:Updating table status...
INFO:root:Updating client data...
INFO:root:Saving data to Excel...
INFO:root:Updating table status...
INFO:root:Updating client data...
INFO:root:Saving data to Excel...
INFO:root:Updating table status...
INFO:root:Updating client data...
INFO:root:Saving data to Excel...
INFO:root:Updating table status...
INFO:root:Updating client data...
INFO:root:Saving data to Excel...
INFO:root:Updating table status...
INFO:root:Updating client data...
INFO:root:Saving data to Excel...
INFO:root:Updating table status...
INFO:root:Updating client data...
INFO:root:Saving data to Excel...
INFO:root:Updating table status...
INFO:root:Updating client data...
INFO:root:Saving data to Excel...
INFO:root:Updating table status...
INFO:root:Updating client data...
INFO:root:Saving data to Excel...
INFO:root:Updating table status...
INFO:root:Updating client data...
INFO:root:Saving data to Excel...
INFO:root:Updating table status...
INFO:root:Updating client data...
INFO:root:Saving data to Excel...
INFO:root:Updating table status...
INFO:root:Updating client data...
INFO:root:Saving data to Excel...
INFO:root:Updating table status...
INFO:root:Updating client data...
INFO:root:Saving data to Excel...
INFO:root:Updating table status...
INFO:root:Updating client data...
INFO:root:Saving data to Excel...
INFO:root:Updating table status...
INFO:root:Updating client data...
INFO:root:Saving data to Excel...
INFO:root:Updating table status...
INFO:root:Updating client data...
INFO:root:Saving data to Excel...
INFO:root:Updating table status...
INFO:root:Updating client data...
INFO:root:Saving data to Excel...
INFO:root:Updating table status...
INFO:root:Updating client data...
INFO:root:Saving data to Excel...
INFO:root:Updating table status...
INFO:root:Updating client data...
INFO:root:Saving data to Excel...
INFO:root:Updating table status...
INFO:root:Updating client data...
INFO:root:Saving data to Excel...
INFO:root:Updating table status...
INFO:root:Updating client data...
INFO:root:Saving data to Excel...
INFO:root:Updating table status...
INFO:root:Updating client data...
INFO:root:Saving data to Excel...
INFO:root:Updating table status...
INFO:root:Updating client data...
INFO:root:Saving data to Excel...
INFO:root:Updating table status...
INFO:root:Updating client data...
INFO:root:Saving data to Excel...
INFO:root:Updating table status...
INFO:root:Updating client data...
INFO:root:Saving data to Excel...
INFO:root:Updating table status...
INFO:root:Updating client data...
INFO:root:Saving data to Excel...
INFO:root:Error: App.__init__() takes 3 positional arguments but 6 were given
INFO:root:Updating table status...
INFO:root:Updating client data...
INFO:root:Updating table status...
INFO:root:Updating client data...
INFO:root:Updating table status...
INFO:root:Updating client data...
INFO:root:Updating table status...
INFO:root:Updating client data...
INFO:root:Updating table status...
INFO:root:Updating client data...
INFO:root:Updating table status...
INFO:root:Updating client data...
INFO:root:Updating table status...
INFO:root:Updating client data...
INFO:root:Updating table status...
INFO:root:Updating client data...
INFO:root:Updating table status...
INFO:root:Updating client data...
INFO:root:Updating table status...
INFO:root:Updating client data...
INFO:root:Updating table status...
INFO:root:Updating client data...
INFO:root:Updating table status...
INFO:root:Updating client data...
INFO:root:Updating table status...
INFO:root:Updating client data...
INFO:root:Updating table status...
INFO:root:Updating client data...
INFO:root:Updating table status...
INFO:root:Updating client data...
INFO:root:Updating table status...
INFO:root:Updating client data...
INFO:root:Updating table status...
INFO:root:Updating client data...
INFO:root:Updating table status...
INFO:root:Updating client data...
INFO:root:Updating table status...
INFO:root:Updating client data...
INFO:root:Updating table status...
INFO:root:Updating client data...
INFO:root:Updating table status...
INFO:root:Updating client data...
INFO:root:Updating table status...
INFO:root:Updating client data...
INFO:root:Updating table status...
INFO:root:Updating client data...
INFO:root:Updating table status...
INFO:root:Updating client data...
INFO:root:Updating table status...
INFO:root:Updating client data...
INFO:root:Updating table status...
INFO:root:Updating client data...
INFO:root:Updating table status...
INFO:root:Updating client data...
INFO:root:Updating table status...
INFO:root:Updating client data...
INFO:root:Updating table status...
INFO:root:Updating client data...
INFO:root:Updating table status...
INFO:root:Updating client data...
INFO:root:Updating table status...
INFO:root:Updating client data...
INFO:root:Updating table status...
INFO:root:Updating client data...
INFO:root:Updating table status...
INFO:root:Updating client data...
INFO:root:Updating table status...
INFO:root:Updating client data...
INFO:root:Updating table status...
INFO:root:Updating client data...
INFO:root:Updating table status...
INFO:root:Updating client data...
INFO:root:Updating table status...
INFO:root:Updating client data...
INFO:root:Updating table status...
INFO:root:Updating client data...
INFO:root:Updating table status...
INFO:root:Updating client data...
INFO:root:Updating table status...
INFO:root:Updating client data...
INFO:root:Updating table status...
INFO:root:Updating client data...
INFO:root:Updating table status...
INFO:root:Updating client data...
INFO:root:Updating table status...
INFO:root:Updating client data...
INFO:root:Updating table status...
INFO:root:Updating client data...
INFO:root:Updating table status...
INFO:root:Updating client data...
INFO:root:Updating table status...
INFO:root:Updating client data...
INFO:root:Updating table status...
INFO:root:Updating client data...
INFO:root:Updating table status...
INFO:root:Updating client data...
INFO:root:Updating table status...
INFO:root:Updating client data...
INFO:root:Updating table status...
INFO:root:Updating client data...
INFO:root:Updating table status...
INFO:root:Updating client data...
INFO:root:Updating table status...
INFO:root:Updating client data...
INFO:root:Updating table status...
INFO:root:Updating client data...
INFO:root:Updating table status...
INFO:root:Updating client data...
INFO:root:Updating table status...
INFO:root:Updating client data...
INFO:root:Updating table status...
INFO:root:Updating client data...
INFO:root:Updating table status...
INFO:root:Updating client data...
INFO:root:Updating table status...
INFO:root:Updating client data...
INFO:root:Updating table status...
INFO:root:Updating client data...
INFO:root:Updating table status...
INFO:root:Updating client data...
INFO:root:Updating table status...
INFO:root:Updating client data...
INFO:root:Updating table status...
INFO:root:Updating client data...
INFO:root:Updating table status...
INFO:root:Updating client data...
INFO:root:Updating table status...
INFO:root:Updating client data...
INFO:root:Updating table status...
INFO:root:Updating client data...
INFO:root:Updating table status...
INFO:root:Updating client data...
INFO:root:Updating table status...
INFO:root:Updating client data...
INFO:root:Updating table status...
INFO:root:Updating client data...
INFO:root:Updating table status...
INFO:root:Updating client data...
INFO:root:Updating table status...
INFO:root:Updating client data...
INFO:root:Updating table status...
INFO:root:Updating client data...
INFO:root:Updating table status...
INFO:root:Updating client data...
INFO:root:Updating table status...
INFO:root:Updating client data...
INFO:root:Updating table status...
INFO:root:Updating client data...
INFO:root:Updating table status...
INFO:root:Updating client data...
INFO:root:Updating table status...
INFO:root:Updating client data...
INFO:root:Updating table status...
INFO:root:Updating client data...
INFO:root:Updating table status...
INFO:root:Updating client data...
INFO:root:Updating table status...
INFO:root:Updating client data...
INFO:root:Updating table status...
INFO:root:Updating client data...
INFO:root:Updating table status...
INFO:root:Updating client data...
INFO:root:Updating table status...
INFO:root:Updating client data...
INFO:root:Updating table status...
INFO:root:Updating client data...
INFO:root:Updating table status...
INFO:root:Updating client data...
INFO:root:Updating table status...
INFO:root:Updating client data...
INFO:root:Updating table status...
INFO:root:Updating client data...
INFO:root:Updating table status...
INFO:root:Updating client data...
INFO:root:Updating table status...
INFO:root:Updating client data...
INFO:root:Updating table status...
INFO:root:Updating client data...
INFO:root:Updating table status...
INFO:root:Updating client data...
INFO:root:Updating table status...
INFO:root:Updating client data...
INFO:root:Updating table status...
INFO:root:Updating client data...
INFO:root:Updating table status...
INFO:root:Updating client data...
INFO:root:Updating table status...
INFO:root:Updating client data...
INFO:root:Updating table status...
INFO:root:Updating client data...
INFO:root:Updating table status...
INFO:root:Updating client data...
INFO:root:Updating table status...
INFO:root:Updating client data...
INFO:root:Updating table status...
INFO:root:Updating client data...
INFO:root:Updating table status...
INFO:root:Updating client data...
INFO:root:Updating table status...
INFO:root:Updating client data...
INFO:root:Generating report...
INFO:root:Error: only integers, slices (`:`), ellipsis (`...`), numpy.newaxis (`None`) and integer or boolean arrays are valid indices
INFO:root:Error: 'YOLOv8Detector' object has no attribute 'tk'
INFO:root:Error: 'YOLOv8Detector' object has no attribute 'tk'
INFO:root:Generating report...
INFO:root:Error: not enough values to unpack (expected 5, got 3)
INFO:root:Generating report...
INFO:root:Error: App.__init__() takes 5 positional arguments but 6 were given
INFO:root:Error: '_tkinter.tkapp' object has no attribute 'detect_frame'
INFO:root:Error: '_tkinter.tkapp' object has no attribute 'detect_frame'
INFO:root:Error: '_tkinter.tkapp' object has no attribute 'detect_frame'
INFO:root:Generating report...
INFO:root:Generating report...
INFO:root:Generating report...
INFO:root:Generating report...
INFO:root:Generating report...
INFO:root:Generating report...
INFO:root:Generating report...
INFO:root:Generating report...
INFO:root:Generating report...
